This file contains any messages produced by compilers while
running configure, to aid debugging if configure makes a mistake.

It was created by niftir configuration script configure 0.1, which was
generated by GNU Autoconf 2.63.  Invocation command line was

  $ ./configure 

## --------- ##
## Platform. ##
## --------- ##

hostname = vpn172022146175.its.yale.internal
uname -m = x86_64
uname -r = 14.0.0
uname -s = Darwin
uname -v = Darwin Kernel Version 14.0.0: Fri Sep 19 00:26:44 PDT 2014; root:xnu-2782.1.97~2/RELEASE_X86_64

/usr/bin/uname -p = i386
/bin/uname -X     = unknown

/bin/arch              = unknown
/usr/bin/arch -k       = unknown
/usr/convex/getsysinfo = unknown
/usr/bin/hostinfo      = Mach kernel version:
	 Darwin Kernel Version 14.0.0: Fri Sep 19 00:26:44 PDT 2014; root:xnu-2782.1.97~2/RELEASE_X86_64
Kernel configured for up to 4 processors.
2 processors are physically available.
4 processors are logically available.
Processor type: x86_64h (Intel x86-64h Haswell)
Processors active: 0 1 2 3
Primary memory available: 8.00 gigabytes
Default processor set: 276 tasks, 1483 threads, 4 processors
Load average: 1.88, Mach factor: 2.11
/bin/machine           = unknown
/usr/bin/oslevel       = unknown
/bin/universe          = unknown

PATH: /Users/Shared/freesurfer/bin
PATH: /Users/Shared/freesurfer/fsfast/bin
PATH: /Users/Shared/freesurfer/tktools
PATH: /Users/Shared/fsl/bin
PATH: /Users/Shared/freesurfer/mni/bin
PATH: /Users/Shared/fsl/bin
PATH: /usr/local/bin
PATH: /Users/Shared/afni
PATH: /Users/czarrar/anaconda/bin
PATH: /usr/local/bin
PATH: /usr/bin
PATH: /bin
PATH: /usr/sbin
PATH: /sbin
PATH: /opt/X11/bin


## ----------- ##
## Core tests. ##
## ----------- ##

configure:1863: checking for g++
configure:1879: found /usr/bin/g++
configure:1890: result: g++
configure:1917: checking for C++ compiler version
configure:1925: g++ --version >&5
Configured with: --prefix=/Applications/Xcode.app/Contents/Developer/usr --with-gxx-include-dir=/Applications/Xcode.app/Contents/Developer/Platforms/MacOSX.platform/Developer/SDKs/MacOSX10.10.sdk/usr/include/c++/4.2.1
Apple LLVM version 6.0 (clang-600.0.56) (based on LLVM 3.5svn)
Target: x86_64-apple-darwin14.0.0
Thread model: posix
configure:1929: $? = 0
configure:1936: g++ -v >&5
Configured with: --prefix=/Applications/Xcode.app/Contents/Developer/usr --with-gxx-include-dir=/Applications/Xcode.app/Contents/Developer/Platforms/MacOSX.platform/Developer/SDKs/MacOSX10.10.sdk/usr/include/c++/4.2.1
Apple LLVM version 6.0 (clang-600.0.56) (based on LLVM 3.5svn)
Target: x86_64-apple-darwin14.0.0
Thread model: posix
configure:1940: $? = 0
configure:1947: g++ -V >&5
clang: error: argument to '-V' is missing (expected 1 value)
clang: error: no input files
configure:1951: $? = 1
configure:1974: checking for C++ compiler default output file name
configure:1996: g++  -I/usr/local/include -I/usr/local/include/freetype2 -I/opt/X11/include  conftest.cpp  >&5
configure:2000: $? = 0
configure:2038: result: a.out
configure:2057: checking whether the C++ compiler works
configure:2067: ./a.out
configure:2071: $? = 0
configure:2090: result: yes
configure:2097: checking whether we are cross compiling
configure:2099: result: no
configure:2102: checking for suffix of executables
configure:2109: g++ -o conftest  -I/usr/local/include -I/usr/local/include/freetype2 -I/opt/X11/include  conftest.cpp  >&5
configure:2113: $? = 0
configure:2139: result: 
configure:2145: checking for suffix of object files
configure:2171: g++ -c  -I/usr/local/include -I/usr/local/include/freetype2 -I/opt/X11/include conftest.cpp >&5
configure:2175: $? = 0
configure:2200: result: o
configure:2204: checking whether we are using the GNU C++ compiler
configure:2233: g++ -c  -I/usr/local/include -I/usr/local/include/freetype2 -I/opt/X11/include conftest.cpp >&5
configure:2240: $? = 0
configure:2257: result: yes
configure:2266: checking whether g++ accepts -g
configure:2296: g++ -c -g -I/usr/local/include -I/usr/local/include/freetype2 -I/opt/X11/include conftest.cpp >&5
configure:2303: $? = 0
configure:2404: result: yes
configure:2475: checking for gcc
configure:2502: result: clang
configure:2734: checking for C compiler version
configure:2742: clang --version >&5
Apple LLVM version 6.0 (clang-600.0.56) (based on LLVM 3.5svn)
Target: x86_64-apple-darwin14.0.0
Thread model: posix
configure:2746: $? = 0
configure:2753: clang -v >&5
Apple LLVM version 6.0 (clang-600.0.56) (based on LLVM 3.5svn)
Target: x86_64-apple-darwin14.0.0
Thread model: posix
configure:2757: $? = 0
configure:2764: clang -V >&5
clang: error: argument to '-V' is missing (expected 1 value)
clang: error: no input files
configure:2768: $? = 1
configure:2771: checking whether we are using the GNU C compiler
configure:2800: clang -c -Wall -mtune=core2 -g -O2 -I/usr/local/include -I/usr/local/include/freetype2 -I/opt/X11/include conftest.c >&5
configure:2807: $? = 0
configure:2824: result: yes
configure:2833: checking whether clang accepts -g
configure:2863: clang -c -g -I/usr/local/include -I/usr/local/include/freetype2 -I/opt/X11/include conftest.c >&5
configure:2870: $? = 0
configure:2971: result: yes
configure:2988: checking for clang option to accept ISO C89
configure:3062: clang  -c -Wall -mtune=core2 -g -O2 -I/usr/local/include -I/usr/local/include/freetype2 -I/opt/X11/include conftest.c >&5
configure:3069: $? = 0
configure:3092: result: none needed
configure:3118: checking how to run the C preprocessor
configure:3158: clang -E -I/usr/local/include -I/usr/local/include/freetype2 -I/opt/X11/include conftest.c
configure:3165: $? = 0
configure:3196: clang -E -I/usr/local/include -I/usr/local/include/freetype2 -I/opt/X11/include conftest.c
conftest.c:8:10: fatal error: 'ac_nonexistent.h' file not found
#include <ac_nonexistent.h>
         ^
1 error generated.
configure:3203: $? = 1
configure: failed program was:
| /* confdefs.h.  */
| #define PACKAGE_NAME "niftir configuration script"
| #define PACKAGE_TARNAME "niftir-configuration-script"
| #define PACKAGE_VERSION "0.1"
| #define PACKAGE_STRING "niftir configuration script 0.1"
| #define PACKAGE_BUGREPORT ""
| /* end confdefs.h.  */
| #include <ac_nonexistent.h>
configure:3236: result: clang -E
configure:3265: clang -E -I/usr/local/include -I/usr/local/include/freetype2 -I/opt/X11/include conftest.c
configure:3272: $? = 0
configure:3303: clang -E -I/usr/local/include -I/usr/local/include/freetype2 -I/opt/X11/include conftest.c
conftest.c:8:10: fatal error: 'ac_nonexistent.h' file not found
#include <ac_nonexistent.h>
         ^
1 error generated.
configure:3310: $? = 1
configure: failed program was:
| /* confdefs.h.  */
| #define PACKAGE_NAME "niftir configuration script"
| #define PACKAGE_TARNAME "niftir-configuration-script"
| #define PACKAGE_VERSION "0.1"
| #define PACKAGE_STRING "niftir configuration script 0.1"
| #define PACKAGE_BUGREPORT ""
| /* end confdefs.h.  */
| #include <ac_nonexistent.h>
configure:3350: checking for grep that handles long lines and -e
configure:3410: result: /usr/bin/grep
configure:3415: checking for egrep
configure:3479: result: /usr/bin/grep -E
configure:3484: checking for ANSI C header files
configure:3514: clang -c -Wall -mtune=core2 -g -O2 -I/usr/local/include -I/usr/local/include/freetype2 -I/opt/X11/include conftest.c >&5
configure:3521: $? = 0
configure:3620: clang -o conftest -Wall -mtune=core2 -g -O2 -I/usr/local/include -I/usr/local/include/freetype2 -I/opt/X11/include  conftest.c  >&5
configure:3624: $? = 0
configure:3630: ./conftest
configure:3634: $? = 0
configure:3652: result: yes
configure:3666: checking for inline
configure:3692: clang -c -Wall -mtune=core2 -g -O2 -I/usr/local/include -I/usr/local/include/freetype2 -I/opt/X11/include conftest.c >&5
conftest.c:11:21: warning: unused function 'static_foo' [-Wunused-function]
static inline foo_t static_foo () {return 0; }
                    ^
1 warning generated.
configure:3699: $? = 0
configure:3717: result: inline
configure:3752: checking for sys/types.h
configure:3773: clang -c -Wall -mtune=core2 -g -O2 -I/usr/local/include -I/usr/local/include/freetype2 -I/opt/X11/include conftest.c >&5
configure:3780: $? = 0
configure:3797: result: yes
configure:3752: checking for sys/stat.h
configure:3773: clang -c -Wall -mtune=core2 -g -O2 -I/usr/local/include -I/usr/local/include/freetype2 -I/opt/X11/include conftest.c >&5
configure:3780: $? = 0
configure:3797: result: yes
configure:3752: checking for stdlib.h
configure:3773: clang -c -Wall -mtune=core2 -g -O2 -I/usr/local/include -I/usr/local/include/freetype2 -I/opt/X11/include conftest.c >&5
configure:3780: $? = 0
configure:3797: result: yes
configure:3752: checking for string.h
configure:3773: clang -c -Wall -mtune=core2 -g -O2 -I/usr/local/include -I/usr/local/include/freetype2 -I/opt/X11/include conftest.c >&5
configure:3780: $? = 0
configure:3797: result: yes
configure:3752: checking for memory.h
configure:3773: clang -c -Wall -mtune=core2 -g -O2 -I/usr/local/include -I/usr/local/include/freetype2 -I/opt/X11/include conftest.c >&5
configure:3780: $? = 0
configure:3797: result: yes
configure:3752: checking for strings.h
configure:3773: clang -c -Wall -mtune=core2 -g -O2 -I/usr/local/include -I/usr/local/include/freetype2 -I/opt/X11/include conftest.c >&5
configure:3780: $? = 0
configure:3797: result: yes
configure:3752: checking for inttypes.h
configure:3773: clang -c -Wall -mtune=core2 -g -O2 -I/usr/local/include -I/usr/local/include/freetype2 -I/opt/X11/include conftest.c >&5
configure:3780: $? = 0
configure:3797: result: yes
configure:3752: checking for stdint.h
configure:3773: clang -c -Wall -mtune=core2 -g -O2 -I/usr/local/include -I/usr/local/include/freetype2 -I/opt/X11/include conftest.c >&5
configure:3780: $? = 0
configure:3797: result: yes
configure:3752: checking for unistd.h
configure:3773: clang -c -Wall -mtune=core2 -g -O2 -I/usr/local/include -I/usr/local/include/freetype2 -I/opt/X11/include conftest.c >&5
configure:3780: $? = 0
configure:3797: result: yes
configure:3816: checking for stdlib.h
configure:3823: result: yes
configure:3957: checking for GNU libc compatible malloc
configure:3991: clang -o conftest -Wall -mtune=core2 -g -O2 -I/usr/local/include -I/usr/local/include/freetype2 -I/opt/X11/include  conftest.c  >&5
configure:3995: $? = 0
configure:4001: ./conftest
configure:4005: $? = 0
configure:4022: result: yes
configure:4054: checking if zlib is wanted
configure:4074: result: yes
configure:4101: checking for inflateEnd in -lz
configure:4136: clang -o conftest -Wall -mtune=core2 -g -O2 -I/usr/local/include -I/usr/local/include/freetype2 -I/opt/X11/include -I/usr/include  -L/usr/lib conftest.c -lz   >&5
configure:4143: $? = 0
configure:4164: result: yes
configure:4182: checking zlib.h usability
configure:4199: clang -c -Wall -mtune=core2 -g -O2 -I/usr/local/include -I/usr/local/include/freetype2 -I/opt/X11/include -I/usr/include conftest.c >&5
configure:4206: $? = 0
configure:4220: result: yes
configure:4224: checking zlib.h presence
configure:4239: clang -E -I/usr/local/include -I/usr/local/include/freetype2 -I/opt/X11/include -I/usr/include conftest.c
configure:4246: $? = 0
configure:4260: result: yes
configure:4288: checking for zlib.h
configure:4295: result: yes
configure:4318: checking for inflateEnd in -lz
configure:4381: result: yes
configure:4392: checking zlib in /usr
configure:4394: result: ok
configure:4520: creating ./config.status

## ---------------------- ##
## Running config.status. ##
## ---------------------- ##

This file was extended by niftir configuration script config.status 0.1, which was
generated by GNU Autoconf 2.63.  Invocation command line was

  CONFIG_FILES    = 
  CONFIG_HEADERS  = 
  CONFIG_LINKS    = 
  CONFIG_COMMANDS = 
  $ ./config.status 

on vpn172022146175.its.yale.internal

config.status:729: creating src/Makevars
config.status:729: creating config.h
config.status:940: config.h is unchanged

## ---------------- ##
## Cache variables. ##
## ---------------- ##

ac_cv_c_compiler_gnu=yes
ac_cv_c_inline=inline
ac_cv_cxx_compiler_gnu=yes
ac_cv_env_CCC_set=
ac_cv_env_CCC_value=
ac_cv_env_CC_set=
ac_cv_env_CC_value=
ac_cv_env_CFLAGS_set=
ac_cv_env_CFLAGS_value=
ac_cv_env_CPPFLAGS_set=
ac_cv_env_CPPFLAGS_value=
ac_cv_env_CPP_set=
ac_cv_env_CPP_value=
ac_cv_env_CXXFLAGS_set=
ac_cv_env_CXXFLAGS_value=
ac_cv_env_CXX_set=
ac_cv_env_CXX_value=
ac_cv_env_LDFLAGS_set=
ac_cv_env_LDFLAGS_value=
ac_cv_env_LIBS_set=
ac_cv_env_LIBS_value=
ac_cv_env_build_alias_set=
ac_cv_env_build_alias_value=
ac_cv_env_host_alias_set=
ac_cv_env_host_alias_value=
ac_cv_env_target_alias_set=
ac_cv_env_target_alias_value=
ac_cv_func_malloc_0_nonnull=yes
ac_cv_header_inttypes_h=yes
ac_cv_header_memory_h=yes
ac_cv_header_stdc=yes
ac_cv_header_stdint_h=yes
ac_cv_header_stdlib_h=yes
ac_cv_header_string_h=yes
ac_cv_header_strings_h=yes
ac_cv_header_sys_stat_h=yes
ac_cv_header_sys_types_h=yes
ac_cv_header_unistd_h=yes
ac_cv_header_zlib_h=yes
ac_cv_lib_z_inflateEnd=yes
ac_cv_objext=o
ac_cv_path_EGREP='/usr/bin/grep -E'
ac_cv_path_GREP=/usr/bin/grep
ac_cv_prog_CPP='clang -E'
ac_cv_prog_ac_ct_CC=clang
ac_cv_prog_ac_ct_CXX=g++
ac_cv_prog_cc_c89=
ac_cv_prog_cc_g=yes
ac_cv_prog_cxx_g=yes
zlib_cv_libz=yes
zlib_cv_zlib_h=yes

## ----------------- ##
## Output variables. ##
## ----------------- ##

CC='clang'
CFLAGS='-Wall -mtune=core2 -g -O2'
CPP='clang -E'
CPPFLAGS='-I/usr/local/include -I/usr/local/include/freetype2 -I/opt/X11/include -I/usr/include'
CXX='g++'
CXXFLAGS='-g -O2'
DEFS='-DHAVE_CONFIG_H'
ECHO_C='\c'
ECHO_N=''
ECHO_T=''
EGREP='/usr/bin/grep -E'
EXEEXT=''
GREP='/usr/bin/grep'
INCLUDE=''
LDFLAGS=' -L/usr/lib'
LIBOBJS=''
LIBS='-lz '
LTLIBOBJS=''
OBJEXT='o'
PACKAGE_BUGREPORT=''
PACKAGE_NAME='niftir configuration script'
PACKAGE_STRING='niftir configuration script 0.1'
PACKAGE_TARNAME='niftir-configuration-script'
PACKAGE_VERSION='0.1'
PATH_SEPARATOR=':'
SHELL='/bin/sh'
ac_ct_CC='clang'
ac_ct_CXX='g++'
bindir='${exec_prefix}/bin'
build_alias=''
datadir='${datarootdir}'
datarootdir='${prefix}/share'
docdir='${datarootdir}/doc/${PACKAGE_TARNAME}'
dvidir='${docdir}'
exec_prefix='${prefix}'
host_alias=''
htmldir='${docdir}'
includedir='${prefix}/include'
infodir='${datarootdir}/info'
libdir='${exec_prefix}/lib'
libexecdir='${exec_prefix}/libexec'
localedir='${datarootdir}/locale'
localstatedir='${prefix}/var'
mandir='${datarootdir}/man'
oldincludedir='/usr/include'
pdfdir='${docdir}'
prefix='/usr/local'
program_transform_name='s,x,x,'
psdir='${docdir}'
sbindir='${exec_prefix}/sbin'
sharedstatedir='${prefix}/com'
sysconfdir='${prefix}/etc'
target_alias=''

## ----------- ##
## confdefs.h. ##
## ----------- ##

#define PACKAGE_NAME "niftir configuration script"
#define PACKAGE_TARNAME "niftir-configuration-script"
#define PACKAGE_VERSION "0.1"
#define PACKAGE_STRING "niftir configuration script 0.1"
#define PACKAGE_BUGREPORT ""
#define STDC_HEADERS 1
#define HAVE_SYS_TYPES_H 1
#define HAVE_SYS_STAT_H 1
#define HAVE_STDLIB_H 1
#define HAVE_STRING_H 1
#define HAVE_MEMORY_H 1
#define HAVE_STRINGS_H 1
#define HAVE_INTTYPES_H 1
#define HAVE_STDINT_H 1
#define HAVE_UNISTD_H 1
#define HAVE_STDLIB_H 1
#define HAVE_MALLOC 1
#define HAVE_LIBZ 1

configure: exit 0
